<?xml version="1.0" encoding="UTF-8"?>
<!-- Generated by org.testng.reporters.JUnitXMLReporter -->
<testsuite ignored="1" hostname="DESKTOP-NT7BGQ3" failures="0" tests="1" name="Default test" time="3.224" errors="0" timestamp="2025-04-27T14:36:22 IST">
  <testcase classname="testcases.ProductTests" name="testDeleteProduct" time="2.736"/>
  <testcase classname="testcases.ProductTests" name="testAddNewProduct" time="0.0">
    <ignored/>
  </testcase> <!-- testAddNewProduct -->
</testsuite> <!-- Default test -->
