<?xml version="1.0" encoding="UTF-8"?>
<testng-results ignored="0" total="1" passed="1" failed="0" skipped="0">
  <reporter-output>
  </reporter-output>
  <suite started-at="2025-04-27T14:36:19 IST" name="Default suite" finished-at="2025-04-27T14:36:22 IST" duration-ms="3224">
    <groups>
    </groups>
    <test started-at="2025-04-27T14:36:19 IST" name="Default test" finished-at="2025-04-27T14:36:22 IST" duration-ms="3224">
      <class name="testcases.ProductTests">
        <test-method is-config="true" signature="setup()[pri:0, instance:testcases.ProductTests@65f095f8]" started-at="2025-04-27T14:36:19 IST" name="setup" finished-at="2025-04-27T14:36:19 IST" duration-ms="432" status="PASS">
          <reporter-output>
          </reporter-output>
        </test-method> <!-- setup -->
        <test-method signature="testDeleteProduct()[pri:0, instance:testcases.ProductTests@65f095f8]" started-at="2025-04-27T14:36:19 IST" name="testDeleteProduct" finished-at="2025-04-27T14:36:22 IST" duration-ms="2736" status="PASS">
          <reporter-output>
          </reporter-output>
        </test-method> <!-- testDeleteProduct -->
      </class> <!-- testcases.ProductTests -->
    </test> <!-- Default test -->
  </suite> <!-- Default suite -->
</testng-results>
